  [1m[35m (13.8ms)[0m  [1m[34mSELECT sqlite_version(*)[0m
  [1m[35m (90.7ms)[0m  [1m[35mCREATE TABLE "schema_migrations" ("version" varchar NOT NULL PRIMARY KEY)[0m
  [1m[35m (10.7ms)[0m  [1m[35mCREATE TABLE "ar_internal_metadata" ("key" varchar NOT NULL PRIMARY KEY, "value" varchar, "created_at" datetime(6) NOT NULL, "updated_at" datetime(6) NOT NULL)[0m
  [1m[35m (0.3ms)[0m  [1m[34mSELECT "schema_migrations"."version" FROM "schema_migrations" ORDER BY "schema_migrations"."version" ASC[0m
Migrating to CreateHabits (20201120071935)
  [1m[35m (0.1ms)[0m  [1m[36mbegin transaction[0m
  [1m[35m (1.3ms)[0m  [1m[35mCREATE TABLE "habits" ("id" integer PRIMARY KEY AUTOINCREMENT NOT NULL, "name" varchar, "category_id" integer, "created_at" datetime(6) NOT NULL, "updated_at" datetime(6) NOT NULL)[0m
  [1m[36mprimary::SchemaMigration Create (0.2ms)[0m  [1m[32mINSERT INTO "schema_migrations" ("version") VALUES (?)[0m  [["version", "20201120071935"]]
  [1m[35m (7.9ms)[0m  [1m[36mcommit transaction[0m
Migrating to CreateCategories (20201120071958)
  [1m[35m (0.1ms)[0m  [1m[36mbegin transaction[0m
  [1m[35m (1.2ms)[0m  [1m[35mCREATE TABLE "categories" ("id" integer PRIMARY KEY AUTOINCREMENT NOT NULL, "name" varchar, "created_at" datetime(6) NOT NULL, "updated_at" datetime(6) NOT NULL)[0m
  [1m[36mprimary::SchemaMigration Create (0.2ms)[0m  [1m[32mINSERT INTO "schema_migrations" ("version") VALUES (?)[0m  [["version", "20201120071958"]]
  [1m[35m (7.9ms)[0m  [1m[36mcommit transaction[0m
  [1m[36mActiveRecord::InternalMetadata Load (0.3ms)[0m  [1m[34mSELECT "ar_internal_metadata".* FROM "ar_internal_metadata" WHERE "ar_internal_metadata"."key" = ? LIMIT ?[0m  [["key", "environment"], ["LIMIT", 1]]
  [1m[35m (0.1ms)[0m  [1m[36mbegin transaction[0m
  [1m[36mActiveRecord::InternalMetadata Create (6.2ms)[0m  [1m[32mINSERT INTO "ar_internal_metadata" ("key", "value", "created_at", "updated_at") VALUES (?, ?, ?, ?)[0m  [["key", "environment"], ["value", "development"], ["created_at", "2020-11-20 07:26:18.097289"], ["updated_at", "2020-11-20 07:26:18.097289"]]
  [1m[35m (7.6ms)[0m  [1m[36mcommit transaction[0m
  [1m[35m (0.1ms)[0m  [1m[34mSELECT sqlite_version(*)[0m
  [1m[35m (0.2ms)[0m  [1m[34mSELECT "schema_migrations"."version" FROM "schema_migrations" ORDER BY "schema_migrations"."version" ASC[0m
  [1m[35m (0.5ms)[0m  [1m[34mSELECT sqlite_version(*)[0m
  [1m[35m (0.2ms)[0m  [1m[34mSELECT "schema_migrations"."version" FROM "schema_migrations" ORDER BY "schema_migrations"."version" ASC[0m
  [1m[35m (0.1ms)[0m  [1m[34mSELECT sqlite_version(*)[0m
  [1m[35m (0.1ms)[0m  [1m[36mbegin transaction[0m
  [1m[36mHabit Create (1.4ms)[0m  [1m[32mINSERT INTO "habits" ("name", "created_at", "updated_at") VALUES (?, ?, ?)[0m  [["name", "AM Brush Teeth"], ["created_at", "2020-11-20 07:26:30.770720"], ["updated_at", "2020-11-20 07:26:30.770720"]]
  [1m[35m (8.1ms)[0m  [1m[36mcommit transaction[0m
  [1m[35m (0.0ms)[0m  [1m[36mbegin transaction[0m
  [1m[36mHabit Create (1.1ms)[0m  [1m[32mINSERT INTO "habits" ("name", "created_at", "updated_at") VALUES (?, ?, ?)[0m  [["name", "Take Vitamins"], ["created_at", "2020-11-20 07:26:30.784013"], ["updated_at", "2020-11-20 07:26:30.784013"]]
  [1m[35m (8.2ms)[0m  [1m[36mcommit transaction[0m
  [1m[35m (0.0ms)[0m  [1m[36mbegin transaction[0m
  [1m[36mHabit Create (1.2ms)[0m  [1m[32mINSERT INTO "habits" ("name", "created_at", "updated_at") VALUES (?, ?, ?)[0m  [["name", "Take Prozac"], ["created_at", "2020-11-20 07:26:30.796661"], ["updated_at", "2020-11-20 07:26:30.796661"]]
  [1m[35m (9.0ms)[0m  [1m[36mcommit transaction[0m
  [1m[35m (0.1ms)[0m  [1m[36mbegin transaction[0m
  [1m[36mHabit Create (1.6ms)[0m  [1m[32mINSERT INTO "habits" ("name", "created_at", "updated_at") VALUES (?, ?, ?)[0m  [["name", "AM Skincare"], ["created_at", "2020-11-20 07:26:30.810153"], ["updated_at", "2020-11-20 07:26:30.810153"]]
  [1m[35m (7.6ms)[0m  [1m[36mcommit transaction[0m
  [1m[35m (0.0ms)[0m  [1m[36mbegin transaction[0m
  [1m[36mHabit Create (1.2ms)[0m  [1m[32mINSERT INTO "habits" ("name", "created_at", "updated_at") VALUES (?, ?, ?)[0m  [["name", "Prayer and Offering"], ["created_at", "2020-11-20 07:26:30.822718"], ["updated_at", "2020-11-20 07:26:30.822718"]]
  [1m[35m (8.3ms)[0m  [1m[36mcommit transaction[0m
  [1m[35m (0.0ms)[0m  [1m[36mbegin transaction[0m
  [1m[36mHabit Create (1.2ms)[0m  [1m[32mINSERT INTO "habits" ("name", "created_at", "updated_at") VALUES (?, ?, ?)[0m  [["name", "15 min Journal"], ["created_at", "2020-11-20 07:26:30.835540"], ["updated_at", "2020-11-20 07:26:30.835540"]]
  [1m[35m (8.0ms)[0m  [1m[36mcommit transaction[0m
  [1m[35m (0.1ms)[0m  [1m[36mbegin transaction[0m
  [1m[36mHabit Create (1.2ms)[0m  [1m[32mINSERT INTO "habits" ("name", "created_at", "updated_at") VALUES (?, ?, ?)[0m  [["name", "30 min Sketch"], ["created_at", "2020-11-20 07:26:30.847947"], ["updated_at", "2020-11-20 07:26:30.847947"]]
  [1m[35m (7.6ms)[0m  [1m[36mcommit transaction[0m
  [1m[35m (0.1ms)[0m  [1m[36mbegin transaction[0m
  [1m[36mHabit Create (1.1ms)[0m  [1m[32mINSERT INTO "habits" ("name", "created_at", "updated_at") VALUES (?, ?, ?)[0m  [["name", "5 min Meditation"], ["created_at", "2020-11-20 07:26:30.859948"], ["updated_at", "2020-11-20 07:26:30.859948"]]
  [1m[35m (8.6ms)[0m  [1m[36mcommit transaction[0m
  [1m[35m (0.0ms)[0m  [1m[36mbegin transaction[0m
  [1m[36mHabit Create (1.2ms)[0m  [1m[32mINSERT INTO "habits" ("name", "created_at", "updated_at") VALUES (?, ?, ?)[0m  [["name", "15 min Yoga"], ["created_at", "2020-11-20 07:26:30.872930"], ["updated_at", "2020-11-20 07:26:30.872930"]]
  [1m[35m (7.6ms)[0m  [1m[36mcommit transaction[0m
  [1m[35m (0.0ms)[0m  [1m[36mbegin transaction[0m
  [1m[36mHabit Create (7.3ms)[0m  [1m[32mINSERT INTO "habits" ("name", "created_at", "updated_at") VALUES (?, ?, ?)[0m  [["name", "1 hour Walk"], ["created_at", "2020-11-20 07:26:30.885085"], ["updated_at", "2020-11-20 07:26:30.885085"]]
  [1m[35m (7.8ms)[0m  [1m[36mcommit transaction[0m
  [1m[35m (0.6ms)[0m  [1m[34mSELECT sqlite_version(*)[0m
  [1m[36mHabit Load (0.4ms)[0m  [1m[34mSELECT "habits".* FROM "habits" LIMIT ?[0m  [["LIMIT", 11]]
